<?xml version="1.0" encoding="UTF-8"?>
<!-- Generated by org.testng.reporters.JUnitXMLReporter -->
<testsuite ignored="6" hostname="DESKTOP-50POJSR" failures="0" tests="6" name="Test2" time="52.53" errors="0" timestamp="2024-09-13T22:05:41 IST">
  <testcase classname="com.madhav.admin.AddProductTest" name="addProductTest" time="2.193"/>
  <testcase classname="endtoendscenario.OrderCreatedByRetailerAndVerifyByManufacturerTest" name="ordercreatedbyretailerandverifyByManufacturerTest" time="6.623"/>
  <testcase classname="com.madhav.retailerTest.LoginAsReatilerTest" name="LoginAsReatilerTest" time="0.776"/>
  <testcase classname="com.madhav.retailerTest.LoginAsReatilerTest" name="createOrderTest" time="2.737"/>
  <testcase classname="com.madhav.manufacturer.AddManageCategoryTest" name="addManageCategoryTest" time="1.906"/>
  <testcase classname="com.madhav.manufacturer.AddManageCategoryTest" name="manageUnitTest" time="1.996"/>
  <testcase classname="com.madhav.generic.baseutility.BaseClass" name="@BeforeSuite configBs" time="0.0">
    <ignored/>
  </testcase> <!-- @BeforeSuite configBs -->
  <testcase classname="com.madhav.generic.baseutility.BaseClass" name="@BeforeSuite configBs" time="0.0">
    <ignored/>
  </testcase> <!-- @BeforeSuite configBs -->
  <testcase classname="com.madhav.generic.baseutility.BaseClass" name="@AfterSuite configAs" time="0.0">
    <ignored/>
  </testcase> <!-- @AfterSuite configAs -->
  <testcase classname="com.madhav.generic.baseutility.BaseClass" name="@AfterSuite configAs" time="0.0">
    <ignored/>
  </testcase> <!-- @AfterSuite configAs -->
  <testcase classname="com.madhav.generic.baseutility.BaseClass" name="@BeforeSuite configBs" time="0.0">
    <ignored/>
  </testcase> <!-- @BeforeSuite configBs -->
  <testcase classname="com.madhav.generic.baseutility.BaseClass" name="@AfterSuite configAs" time="0.0">
    <ignored/>
  </testcase> <!-- @AfterSuite configAs -->
</testsuite> <!-- Test2 -->
