<?xml version="1.0" encoding="UTF-8"?>
<!-- Generated by org.testng.reporters.JUnitXMLReporter -->
<testsuite ignored="6" hostname="DESKTOP-50POJSR" failures="0" tests="6" name="Test1" time="39.716" errors="0" timestamp="2024-09-13T22:05:28 IST">
  <testcase classname="com.madhav.admin.AddProductTest" name="addProductTest" time="2.378"/>
  <testcase classname="endtoendscenario.OrderCreatedByRetailerAndVerifyByManufacturerTest" name="ordercreatedbyretailerandverifyByManufacturerTest" time="6.777"/>
  <testcase classname="com.madhav.retailerTest.LoginAsReatilerTest" name="LoginAsReatilerTest" time="0.777"/>
  <testcase classname="com.madhav.retailerTest.LoginAsReatilerTest" name="createOrderTest" time="2.305"/>
  <testcase classname="com.madhav.manufacturer.AddManageCategoryTest" name="addManageCategoryTest" time="1.765"/>
  <testcase classname="com.madhav.manufacturer.AddManageCategoryTest" name="manageUnitTest" time="1.428"/>
  <testcase classname="com.madhav.generic.baseutility.BaseClass" name="@BeforeSuite configBs" time="0.0">
    <ignored/>
  </testcase> <!-- @BeforeSuite configBs -->
  <testcase classname="com.madhav.generic.baseutility.BaseClass" name="@BeforeSuite configBs" time="0.0">
    <ignored/>
  </testcase> <!-- @BeforeSuite configBs -->
  <testcase classname="com.madhav.generic.baseutility.BaseClass" name="@AfterSuite configAs" time="0.0">
    <ignored/>
  </testcase> <!-- @AfterSuite configAs -->
  <testcase classname="com.madhav.generic.baseutility.BaseClass" name="@AfterSuite configAs" time="0.0">
    <ignored/>
  </testcase> <!-- @AfterSuite configAs -->
  <testcase classname="com.madhav.generic.baseutility.BaseClass" name="@AfterSuite configAs" time="0.0">
    <ignored/>
  </testcase> <!-- @AfterSuite configAs -->
  <testcase classname="com.madhav.generic.baseutility.BaseClass" name="@BeforeSuite configBs" time="0.0">
    <ignored/>
  </testcase> <!-- @BeforeSuite configBs -->
</testsuite> <!-- Test1 -->
