<?xml version="1.0" encoding="UTF-8"?>
<!-- Generated by org.testng.reporters.JUnitXMLReporter -->
<testsuite ignored="4" hostname="DESKTOP-50POJSR" failures="0" tests="2" name="Test" time="10.638" errors="0" timestamp="2024-09-13T22:43:27 IST">
  <testcase classname="com.madhav.retailerTest.LoginAsReatilerTest" name="LoginAsReatilerTest" time="0.885"/>
  <testcase classname="com.madhav.manufacturer.AddManageCategoryTest" name="manageUnitTest" time="1.73"/>
  <testcase classname="com.madhav.manufacturer.AddManageCategoryTest" name="addManageCategoryTest" time="0.0">
    <ignored/>
  </testcase> <!-- addManageCategoryTest -->
  <testcase classname="com.madhav.retailerTest.LoginAsReatilerTest" name="createOrderTest" time="0.0">
    <ignored/>
  </testcase> <!-- createOrderTest -->
  <testcase classname="com.madhav.generic.baseutility.BaseClass" name="@AfterSuite configAs" time="0.0">
    <ignored/>
  </testcase> <!-- @AfterSuite configAs -->
  <testcase classname="com.madhav.generic.baseutility.BaseClass" name="@BeforeSuite configBs" time="0.0">
    <ignored/>
  </testcase> <!-- @BeforeSuite configBs -->
</testsuite> <!-- Test -->
