<?xml version="1.0" encoding="UTF-8"?>
<!-- Generated by org.testng.reporters.JUnitXMLReporter -->
<testsuite ignored="1" hostname="DESKTOP-50POJSR" failures="0" tests="1" name="Default test" time="10.038" errors="0" timestamp="2024-09-13T21:01:35 IST">
  <testcase classname="com.madhav.retailerTest.LoginAsReatilerTest" name="createOrderTest" time="3.081"/>
  <testcase classname="com.madhav.retailerTest.LoginAsReatilerTest" name="LoginAsReatilerTest" time="0.0">
    <ignored/>
  </testcase> <!-- LoginAsReatilerTest -->
</testsuite> <!-- Default test -->
